app/build/intermediates/manifest_merge_blame_file/debug/manifest-merger-blame-debug-report.txt
1<?xml version="1.0" encoding="utf-8"?>
2<manifest xmlns:android="http://schemas.android.com/apk/res/android"
3    package="com.cloudplace.ashoka"
4    android:versionCode="1"
5    android:versionName="1.0" >
6
7    <uses-sdk
8        android:minSdkVersion="21"
8-->src\main\AndroidManifest.xml
9        android:targetSdkVersion="30" />
9-->src\main\AndroidManifest.xml
10
11    <uses-permission android:name="android.permission.INTERNET" />
11-->src\main\AndroidManifest.xml:5:5-67
11-->src\main\AndroidManifest.xml:5:22-64
12    <uses-permission android:name="android.permission.READ_EXTERNAL_STORAGE" />
12-->src\main\AndroidManifest.xml:6:5-80
12-->src\main\AndroidManifest.xml:6:22-77
13    <uses-permission android:name="android.permission.WRITE_EXTERNAL_STORAGE" />
13-->src\main\AndroidManifest.xml:7:5-81
13-->src\main\AndroidManifest.xml:7:22-78
14
15    <!-- Although the *SdkVersion is captured in gradle build files, this is required for non gradle builds -->
16    <!-- <uses-sdk android:minSdkVersion="14"/> -->
17    <uses-permission android:name="android.permission.ACCESS_NETWORK_STATE" />
17-->[com.google.firebase:firebase-storage:20.0.0] AndroidManifest.xml:26:5-79
17-->[com.google.firebase:firebase-storage:20.0.0] AndroidManifest.xml:26:22-76
18
19    <application
19-->src\main\AndroidManifest.xml:9:5-52:19
20        android:allowBackup="true"
20-->src\main\AndroidManifest.xml:10:9-35
21        android:appComponentFactory="androidx.core.app.CoreComponentFactory"
21-->[androidx.core:core:1.5.0] AndroidManifest.xml:24:18-86
22        android:debuggable="true"
23        android:icon="@mipmap/logo1"
23-->src\main\AndroidManifest.xml:11:9-37
24        android:label="@string/app_name"
24-->src\main\AndroidManifest.xml:12:9-41
25        android:roundIcon="@mipmap/logo1"
25-->src\main\AndroidManifest.xml:13:9-42
26        android:supportsRtl="true"
26-->src\main\AndroidManifest.xml:14:9-35
27        android:theme="@style/Theme.Ashoka"
27-->src\main\AndroidManifest.xml:15:9-44
28        android:usesCleartextTraffic="true" >
28-->src\main\AndroidManifest.xml:16:9-44
29        <activity
29-->src\main\AndroidManifest.xml:17:9-19:40
30            android:name="com.cloudplace.ashoka.Pending.Screen20"
30-->src\main\AndroidManifest.xml:18:13-45
31            android:exported="false" />
31-->src\main\AndroidManifest.xml:19:13-37
32        <activity
32-->src\main\AndroidManifest.xml:20:9-22:40
33            android:name="com.cloudplace.ashoka.Pending.Screen19"
33-->src\main\AndroidManifest.xml:21:13-45
34            android:exported="false" />
34-->src\main\AndroidManifest.xml:22:13-37
35        <activity
35-->src\main\AndroidManifest.xml:23:9-25:40
36            android:name="com.cloudplace.ashoka.Pending.Screen18"
36-->src\main\AndroidManifest.xml:24:13-45
37            android:exported="false" />
37-->src\main\AndroidManifest.xml:25:13-37
38        <activity android:name="com.cloudplace.ashoka.carmanagement.congratulations.CongratulationsActivity" />
38-->src\main\AndroidManifest.xml:26:9-91
38-->src\main\AndroidManifest.xml:26:19-88
39        <activity android:name="com.cloudplace.ashoka.carmanagement.IncreaseCreditlineActivity" />
39-->src\main\AndroidManifest.xml:27:9-78
39-->src\main\AndroidManifest.xml:27:19-75
40        <activity android:name="com.cloudplace.ashoka.kycform.KYCDetailsNewActivity" />
40-->src\main\AndroidManifest.xml:28:9-67
40-->src\main\AndroidManifest.xml:28:19-64
41        <activity android:name="com.cloudplace.ashoka.carmanagement.CarManagementActivity" />
41-->src\main\AndroidManifest.xml:29:9-73
41-->src\main\AndroidManifest.xml:29:19-70
42        <activity android:name="com.cloudplace.ashoka.signup.SignupFormActivity" />
42-->src\main\AndroidManifest.xml:30:9-63
42-->src\main\AndroidManifest.xml:30:19-60
43        <activity android:name="com.cloudplace.ashoka.menu.MenuActivity" />
43-->src\main\AndroidManifest.xml:31:9-55
43-->src\main\AndroidManifest.xml:31:19-52
44        <activity android:name="com.cloudplace.ashoka.kycform.KYCDetailsActivity" />
44-->src\main\AndroidManifest.xml:32:9-64
44-->src\main\AndroidManifest.xml:32:19-61
45        <activity android:name="com.cloudplace.ashoka.kycform.FillKycFormActivity" />
45-->src\main\AndroidManifest.xml:33:9-65
45-->src\main\AndroidManifest.xml:33:19-62
46        <activity android:name="com.cloudplace.ashoka.login.LoginActivity" />
46-->src\main\AndroidManifest.xml:34:9-57
46-->src\main\AndroidManifest.xml:34:19-54
47        <activity android:name="com.cloudplace.ashoka.splashscreen.ChooseLoginSignupActivity" />
47-->src\main\AndroidManifest.xml:35:9-76
47-->src\main\AndroidManifest.xml:35:19-73
48        <activity android:name="com.cloudplace.ashoka.signup.SignUpActivity" />
48-->src\main\AndroidManifest.xml:36:9-59
48-->src\main\AndroidManifest.xml:36:19-56
49        <activity android:name="com.cloudplace.ashoka.Pending.Screen17" />
49-->src\main\AndroidManifest.xml:37:9-54
49-->src\main\AndroidManifest.xml:37:19-51
50        <!-- <activity android:name=".Pending.Screen18" /> -->
51        <!-- <activity android:name=".Pending.Screen19" /> -->
52        <!-- <activity android:name=".Pending.Screen20" /> -->
53        <activity android:name="com.cloudplace.ashoka.splashscreen.SplashScreenActivity" >
53-->src\main\AndroidManifest.xml:41:9-47:20
53-->src\main\AndroidManifest.xml:41:19-68
54            <intent-filter>
54-->src\main\AndroidManifest.xml:42:13-46:29
55                <action android:name="android.intent.action.MAIN" />
55-->src\main\AndroidManifest.xml:43:17-69
55-->src\main\AndroidManifest.xml:43:25-66
56
57                <category android:name="android.intent.category.LAUNCHER" />
57-->src\main\AndroidManifest.xml:45:17-77
57-->src\main\AndroidManifest.xml:45:27-74
58            </intent-filter>
59        </activity>
60        <activity android:name="com.cloudplace.ashoka.MainActivity" />
60-->src\main\AndroidManifest.xml:48:9-50
60-->src\main\AndroidManifest.xml:48:19-47
61        <activity
61-->src\main\AndroidManifest.xml:49:9-51:59
62            android:name="com.theartofdev.edmodo.cropper.CropImageActivity"
62-->src\main\AndroidManifest.xml:50:13-76
63            android:theme="@style/Base.Theme.AppCompat" />
63-->src\main\AndroidManifest.xml:51:13-56
64
65        <service
65-->[com.google.firebase:firebase-storage:20.0.0] AndroidManifest.xml:30:9-36:19
66            android:name="com.google.firebase.components.ComponentDiscoveryService"
66-->[com.google.firebase:firebase-storage:20.0.0] AndroidManifest.xml:31:13-84
67            android:directBootAware="true"
67-->[com.google.firebase:firebase-common:20.0.0] AndroidManifest.xml:35:13-43
68            android:exported="false" >
68-->[com.google.firebase:firebase-storage:20.0.0] AndroidManifest.xml:32:13-37
69            <meta-data
69-->[com.google.firebase:firebase-storage:20.0.0] AndroidManifest.xml:33:13-35:85
70                android:name="com.google.firebase.components:com.google.firebase.storage.StorageRegistrar"
70-->[com.google.firebase:firebase-storage:20.0.0] AndroidManifest.xml:34:17-107
71                android:value="com.google.firebase.components.ComponentRegistrar" />
71-->[com.google.firebase:firebase-storage:20.0.0] AndroidManifest.xml:35:17-82
72        </service>
73
74        <provider
74-->[com.google.firebase:firebase-common:20.0.0] AndroidManifest.xml:26:9-31:39
75            android:name="com.google.firebase.provider.FirebaseInitProvider"
75-->[com.google.firebase:firebase-common:20.0.0] AndroidManifest.xml:27:13-77
76            android:authorities="com.cloudplace.ashoka.firebaseinitprovider"
76-->[com.google.firebase:firebase-common:20.0.0] AndroidManifest.xml:28:13-72
77            android:directBootAware="true"
77-->[com.google.firebase:firebase-common:20.0.0] AndroidManifest.xml:29:13-43
78            android:exported="false"
78-->[com.google.firebase:firebase-common:20.0.0] AndroidManifest.xml:30:13-37
79            android:initOrder="100" />
79-->[com.google.firebase:firebase-common:20.0.0] AndroidManifest.xml:31:13-36
80
81        <activity
81-->[com.google.android.gms:play-services-base:17.1.0] AndroidManifest.xml:23:9-26:75
82            android:name="com.google.android.gms.common.api.GoogleApiActivity"
82-->[com.google.android.gms:play-services-base:17.1.0] AndroidManifest.xml:24:13-79
83            android:exported="false"
83-->[com.google.android.gms:play-services-base:17.1.0] AndroidManifest.xml:25:13-37
84            android:theme="@android:style/Theme.Translucent.NoTitleBar" />
84-->[com.google.android.gms:play-services-base:17.1.0] AndroidManifest.xml:26:13-72
85
86        <meta-data
86-->[com.google.android.gms:play-services-basement:17.0.0] AndroidManifest.xml:23:9-25:69
87            android:name="com.google.android.gms.version"
87-->[com.google.android.gms:play-services-basement:17.0.0] AndroidManifest.xml:24:13-58
88            android:value="@integer/google_play_services_version" />
88-->[com.google.android.gms:play-services-basement:17.0.0] AndroidManifest.xml:25:13-66
89    </application>
90
91</manifest>